[{"line":1,"elements":[{"start_timestamp":"2022-12-19T21:56:34.908Z","line":4,"name":"Sunday isn't Friday","description":"","id":"is-it-friday-yet?;sunday-isn-t-friday","after":[{"result":{"error_message":"io.cucumber.core.exception.CucumberException: Failed to instantiate class com.cucumber.SeleniumSteps\n\tat io.cucumber.core.backend.DefaultObjectFactory.cacheNewInstance(DefaultObjectFactory.java:67)\n\tat io.cucumber.core.backend.DefaultObjectFactory.getInstance(DefaultObjectFactory.java:45)\n\tat io.cucumber.java.AbstractGlueDefinition.invokeMethod(AbstractGlueDefinition.java:47)\n\tat io.cucumber.java.JavaHookDefinition.execute(JavaHookDefinition.java:64)\n\tat io.cucumber.core.runner.CoreHookDefinition.execute(CoreHookDefinition.java:46)\n\tat io.cucumber.core.runner.HookDefinitionMatch.runStep(HookDefinitionMatch.java:21)\n\tat io.cucumber.core.runner.ExecutionMode$1.execute(ExecutionMode.java:10)\n\tat io.cucumber.core.runner.TestStep.executeStep(TestStep.java:85)\n\tat io.cucumber.core.runner.TestStep.run(TestStep.java:57)\n\tat io.cucumber.core.runner.TestCase.run(TestCase.java:90)\n\tat io.cucumber.core.runner.Runner.runPickle(Runner.java:75)\n\tat io.cucumber.core.runtime.Runtime.lambda$executePickle$6(Runtime.java:129)\n\tat io.cucumber.core.runtime.CucumberExecutionContext.lambda$runTestCase$5(CucumberExecutionContext.java:129)\n\tat io.cucumber.core.runtime.RethrowingThrowableCollector.executeAndThrow(RethrowingThrowableCollector.java:23)\n\tat io.cucumber.core.runtime.CucumberExecutionContext.runTestCase(CucumberExecutionContext.java:129)\n\tat io.cucumber.core.runtime.Runtime.lambda$executePickle$7(Runtime.java:129)\n\tat java.base/java.util.concurrent.Executors$RunnableAdapter.call(Executors.java:515)\n\tat java.base/java.util.concurrent.FutureTask.run(FutureTask.java:264)\n\tat io.cucumber.core.runtime.Runtime$SameThreadExecutorService.execute(Runtime.java:250)\n\tat java.base/java.util.concurrent.AbstractExecutorService.submit(AbstractExecutorService.java:118)\n\tat io.cucumber.core.runtime.Runtime.lambda$runFeatures$3(Runtime.java:111)\n\tat java.base/java.util.stream.ReferencePipeline$3$1.accept(ReferencePipeline.java:195)\n\tat java.base/java.util.stream.SliceOps$1$1.accept(SliceOps.java:199)\n\tat java.base/java.util.ArrayList$ArrayListSpliterator.tryAdvance(ArrayList.java:1632)\n\tat java.base/java.util.stream.ReferencePipeline.forEachWithCancel(ReferencePipeline.java:127)\n\tat java.base/java.util.stream.AbstractPipeline.copyIntoWithCancel(AbstractPipeline.java:502)\n\tat java.base/java.util.stream.AbstractPipeline.copyInto(AbstractPipeline.java:488)\n\tat java.base/java.util.stream.AbstractPipeline.wrapAndCopyInto(AbstractPipeline.java:474)\n\tat java.base/java.util.stream.ReduceOps$ReduceOp.evaluateSequential(ReduceOps.java:913)\n\tat java.base/java.util.stream.AbstractPipeline.evaluate(AbstractPipeline.java:234)\n\tat java.base/java.util.stream.ReferencePipeline.collect(ReferencePipeline.java:578)\n\tat io.cucumber.core.runtime.Runtime.runFeatures(Runtime.java:112)\n\tat io.cucumber.core.runtime.Runtime.lambda$run$0(Runtime.java:84)\n\tat io.cucumber.core.runtime.Runtime.execute(Runtime.java:96)\n\tat io.cucumber.core.runtime.Runtime.run(Runtime.java:82)\n\tat io.cucumber.core.cli.Main.run(Main.java:87)\n\tat io.cucumber.core.cli.Main.main(Main.java:30)\nCaused by: java.lang.reflect.InvocationTargetException\n\tat java.base/jdk.internal.reflect.NativeConstructorAccessorImpl.newInstance0(Native Method)\n\tat java.base/jdk.internal.reflect.NativeConstructorAccessorImpl.newInstance(NativeConstructorAccessorImpl.java:62)\n\tat java.base/jdk.internal.reflect.DelegatingConstructorAccessorImpl.newInstance(DelegatingConstructorAccessorImpl.java:45)\n\tat java.base/java.lang.reflect.Constructor.newInstance(Constructor.java:490)\n\tat io.cucumber.core.backend.DefaultObjectFactory.cacheNewInstance(DefaultObjectFactory.java:53)\n\t... 36 more\nCaused by: org.openqa.selenium.SessionNotCreatedException: Could not start a new session. Possible causes are invalid address of the remote server or browser start-up failure. \nHost info: host: 'netdata-VirtualBox', ip: '127.0.1.1'\n\tat org.openqa.selenium.remote.RemoteWebDriver.execute(RemoteWebDriver.java:559)\n\tat org.openqa.selenium.remote.RemoteWebDriver.startSession(RemoteWebDriver.java:242)\n\tat org.openqa.selenium.remote.RemoteWebDriver.<init>(RemoteWebDriver.java:157)\n\tat org.openqa.selenium.firefox.FirefoxDriver.<init>(FirefoxDriver.java:111)\n\tat org.openqa.selenium.firefox.FirefoxDriver.<init>(FirefoxDriver.java:99)\n\tat org.openqa.selenium.firefox.FirefoxDriver.<init>(FirefoxDriver.java:95)\n\tat com.cucumber.SeleniumSteps.<init>(SeleniumSteps.java:17)\n\t... 41 more\nCaused by: org.openqa.selenium.WebDriverException: Driver server process died prematurely.\nBuild info: version: '4.5.3', revision: '4b786a1e430'\nSystem info: os.name: 'Linux', os.arch: 'amd64', os.version: '5.15.0-56-generic', java.version: '11.0.17'\nDriver info: driver.version: FirefoxDriver\n\tat org.openqa.selenium.remote.service.DriverService.start(DriverService.java:226)\n\tat org.openqa.selenium.remote.service.DriverCommandExecutor.execute(DriverCommandExecutor.java:98)\n\tat org.openqa.selenium.remote.RemoteWebDriver.execute(RemoteWebDriver.java:541)\n\t... 47 more\n","duration":1390931000,"status":"failed"},"match":{"location":"com.cucumber.SeleniumSteps.closeBrowser()"}}],"type":"scenario","keyword":"Scenario","steps":[{"result":{"duration":753000,"status":"passed"},"line":5,"name":"today is Sunday","match":{"location":"com.cucumber.MyStepdefs.today_is_Sunday()"},"keyword":"Given "},{"result":{"duration":193000,"status":"passed"},"line":6,"name":"I ask whether it's Friday yet","match":{"location":"com.cucumber.MyStepdefs.i_ask_whether_it_s_Friday_yet()"},"keyword":"When "},{"result":{"duration":5083000,"status":"passed"},"line":7,"name":"I should be told \"Nope\"","match":{"arguments":[{"val":"\"Nope\"","offset":17}],"location":"com.cucumber.MyStepdefs.i_should_be_told(java.lang.String)"},"keyword":"Then "}],"tags":[{"name":"@test"}]}],"name":"Is it Friday yet?","description":"  Everybody wants to know when it's Friday","id":"is-it-friday-yet?","keyword":"Feature","uri":"file:src/test/resources/com/cucumber/is_it_friday_yet.feature","tags":[]},{"line":1,"elements":[{"start_timestamp":"2022-12-19T21:56:36.367Z","line":3,"name":"Finding some cheese","description":"","id":"looking-for-a-cheese;finding-some-cheese","after":[{"result":{"error_message":"io.cucumber.core.exception.CucumberException: Failed to instantiate class com.cucumber.SeleniumSteps\n\tat io.cucumber.core.backend.DefaultObjectFactory.cacheNewInstance(DefaultObjectFactory.java:67)\n\tat io.cucumber.core.backend.DefaultObjectFactory.getInstance(DefaultObjectFactory.java:45)\n\tat io.cucumber.java.AbstractGlueDefinition.invokeMethod(AbstractGlueDefinition.java:47)\n\tat io.cucumber.java.JavaHookDefinition.execute(JavaHookDefinition.java:64)\n\tat io.cucumber.core.runner.CoreHookDefinition.execute(CoreHookDefinition.java:46)\n\tat io.cucumber.core.runner.HookDefinitionMatch.runStep(HookDefinitionMatch.java:21)\n\tat io.cucumber.core.runner.ExecutionMode$1.execute(ExecutionMode.java:10)\n\tat io.cucumber.core.runner.TestStep.executeStep(TestStep.java:85)\n\tat io.cucumber.core.runner.TestStep.run(TestStep.java:57)\n\tat io.cucumber.core.runner.TestCase.run(TestCase.java:90)\n\tat io.cucumber.core.runner.Runner.runPickle(Runner.java:75)\n\tat io.cucumber.core.runtime.Runtime.lambda$executePickle$6(Runtime.java:129)\n\tat io.cucumber.core.runtime.CucumberExecutionContext.lambda$runTestCase$5(CucumberExecutionContext.java:129)\n\tat io.cucumber.core.runtime.RethrowingThrowableCollector.executeAndThrow(RethrowingThrowableCollector.java:23)\n\tat io.cucumber.core.runtime.CucumberExecutionContext.runTestCase(CucumberExecutionContext.java:129)\n\tat io.cucumber.core.runtime.Runtime.lambda$executePickle$7(Runtime.java:129)\n\tat java.base/java.util.concurrent.Executors$RunnableAdapter.call(Executors.java:515)\n\tat java.base/java.util.concurrent.FutureTask.run(FutureTask.java:264)\n\tat io.cucumber.core.runtime.Runtime$SameThreadExecutorService.execute(Runtime.java:250)\n\tat java.base/java.util.concurrent.AbstractExecutorService.submit(AbstractExecutorService.java:118)\n\tat io.cucumber.core.runtime.Runtime.lambda$runFeatures$3(Runtime.java:111)\n\tat java.base/java.util.stream.ReferencePipeline$3$1.accept(ReferencePipeline.java:195)\n\tat java.base/java.util.stream.SliceOps$1$1.accept(SliceOps.java:199)\n\tat java.base/java.util.ArrayList$ArrayListSpliterator.tryAdvance(ArrayList.java:1632)\n\tat java.base/java.util.stream.ReferencePipeline.forEachWithCancel(ReferencePipeline.java:127)\n\tat java.base/java.util.stream.AbstractPipeline.copyIntoWithCancel(AbstractPipeline.java:502)\n\tat java.base/java.util.stream.AbstractPipeline.copyInto(AbstractPipeline.java:488)\n\tat java.base/java.util.stream.AbstractPipeline.wrapAndCopyInto(AbstractPipeline.java:474)\n\tat java.base/java.util.stream.ReduceOps$ReduceOp.evaluateSequential(ReduceOps.java:913)\n\tat java.base/java.util.stream.AbstractPipeline.evaluate(AbstractPipeline.java:234)\n\tat java.base/java.util.stream.ReferencePipeline.collect(ReferencePipeline.java:578)\n\tat io.cucumber.core.runtime.Runtime.runFeatures(Runtime.java:112)\n\tat io.cucumber.core.runtime.Runtime.lambda$run$0(Runtime.java:84)\n\tat io.cucumber.core.runtime.Runtime.execute(Runtime.java:96)\n\tat io.cucumber.core.runtime.Runtime.run(Runtime.java:82)\n\tat io.cucumber.core.cli.Main.run(Main.java:87)\n\tat io.cucumber.core.cli.Main.main(Main.java:30)\nCaused by: java.lang.reflect.InvocationTargetException\n\tat java.base/jdk.internal.reflect.NativeConstructorAccessorImpl.newInstance0(Native Method)\n\tat java.base/jdk.internal.reflect.NativeConstructorAccessorImpl.newInstance(NativeConstructorAccessorImpl.java:62)\n\tat java.base/jdk.internal.reflect.DelegatingConstructorAccessorImpl.newInstance(DelegatingConstructorAccessorImpl.java:45)\n\tat java.base/java.lang.reflect.Constructor.newInstance(Constructor.java:490)\n\tat io.cucumber.core.backend.DefaultObjectFactory.cacheNewInstance(DefaultObjectFactory.java:53)\n\t... 36 more\nCaused by: org.openqa.selenium.SessionNotCreatedException: Could not start a new session. Possible causes are invalid address of the remote server or browser start-up failure. \nHost info: host: 'netdata-VirtualBox', ip: '127.0.1.1'\n\tat org.openqa.selenium.remote.RemoteWebDriver.execute(RemoteWebDriver.java:559)\n\tat org.openqa.selenium.remote.RemoteWebDriver.startSession(RemoteWebDriver.java:242)\n\tat org.openqa.selenium.remote.RemoteWebDriver.<init>(RemoteWebDriver.java:157)\n\tat org.openqa.selenium.firefox.FirefoxDriver.<init>(FirefoxDriver.java:111)\n\tat org.openqa.selenium.firefox.FirefoxDriver.<init>(FirefoxDriver.java:99)\n\tat org.openqa.selenium.firefox.FirefoxDriver.<init>(FirefoxDriver.java:95)\n\tat com.cucumber.SeleniumSteps.<init>(SeleniumSteps.java:17)\n\t... 41 more\nCaused by: org.openqa.selenium.WebDriverException: Driver server process died prematurely.\nBuild info: version: '4.5.3', revision: '4b786a1e430'\nSystem info: os.name: 'Linux', os.arch: 'amd64', os.version: '5.15.0-56-generic', java.version: '11.0.17'\nDriver info: driver.version: FirefoxDriver\n\tat org.openqa.selenium.remote.service.DriverService.start(DriverService.java:226)\n\tat org.openqa.selenium.remote.service.DriverCommandExecutor.execute(DriverCommandExecutor.java:98)\n\tat org.openqa.selenium.remote.RemoteWebDriver.execute(RemoteWebDriver.java:541)\n\t... 47 more\n","duration":733631000,"status":"failed"},"match":{"location":"com.cucumber.SeleniumSteps.closeBrowser()"}}],"type":"scenario","keyword":"Scenario","steps":[{"result":{"error_message":"io.cucumber.core.exception.CucumberException: Failed to instantiate class com.cucumber.SeleniumSteps\n\tat io.cucumber.core.backend.DefaultObjectFactory.cacheNewInstance(DefaultObjectFactory.java:67)\n\tat io.cucumber.core.backend.DefaultObjectFactory.getInstance(DefaultObjectFactory.java:45)\n\tat io.cucumber.java.AbstractGlueDefinition.invokeMethod(AbstractGlueDefinition.java:47)\n\tat io.cucumber.java.JavaStepDefinition.execute(JavaStepDefinition.java:29)\n\tat io.cucumber.core.runner.CoreStepDefinition.execute(CoreStepDefinition.java:66)\n\tat io.cucumber.core.runner.PickleStepDefinitionMatch.runStep(PickleStepDefinitionMatch.java:63)\n\tat io.cucumber.core.runner.ExecutionMode$1.execute(ExecutionMode.java:10)\n\tat io.cucumber.core.runner.TestStep.executeStep(TestStep.java:85)\n\tat io.cucumber.core.runner.TestStep.run(TestStep.java:57)\n\tat io.cucumber.core.runner.PickleStepTestStep.run(PickleStepTestStep.java:51)\n\tat io.cucumber.core.runner.TestCase.run(TestCase.java:84)\n\tat io.cucumber.core.runner.Runner.runPickle(Runner.java:75)\n\tat io.cucumber.core.runtime.Runtime.lambda$executePickle$6(Runtime.java:129)\n\tat io.cucumber.core.runtime.CucumberExecutionContext.lambda$runTestCase$5(CucumberExecutionContext.java:129)\n\tat io.cucumber.core.runtime.RethrowingThrowableCollector.executeAndThrow(RethrowingThrowableCollector.java:23)\n\tat io.cucumber.core.runtime.CucumberExecutionContext.runTestCase(CucumberExecutionContext.java:129)\n\tat io.cucumber.core.runtime.Runtime.lambda$executePickle$7(Runtime.java:129)\n\tat java.base/java.util.concurrent.Executors$RunnableAdapter.call(Executors.java:515)\n\tat java.base/java.util.concurrent.FutureTask.run(FutureTask.java:264)\n\tat io.cucumber.core.runtime.Runtime$SameThreadExecutorService.execute(Runtime.java:250)\n\tat java.base/java.util.concurrent.AbstractExecutorService.submit(AbstractExecutorService.java:118)\n\tat io.cucumber.core.runtime.Runtime.lambda$runFeatures$3(Runtime.java:111)\n\tat java.base/java.util.stream.ReferencePipeline$3$1.accept(ReferencePipeline.java:195)\n\tat java.base/java.util.stream.SliceOps$1$1.accept(SliceOps.java:199)\n\tat java.base/java.util.ArrayList$ArrayListSpliterator.tryAdvance(ArrayList.java:1632)\n\tat java.base/java.util.stream.ReferencePipeline.forEachWithCancel(ReferencePipeline.java:127)\n\tat java.base/java.util.stream.AbstractPipeline.copyIntoWithCancel(AbstractPipeline.java:502)\n\tat java.base/java.util.stream.AbstractPipeline.copyInto(AbstractPipeline.java:488)\n\tat java.base/java.util.stream.AbstractPipeline.wrapAndCopyInto(AbstractPipeline.java:474)\n\tat java.base/java.util.stream.ReduceOps$ReduceOp.evaluateSequential(ReduceOps.java:913)\n\tat java.base/java.util.stream.AbstractPipeline.evaluate(AbstractPipeline.java:234)\n\tat java.base/java.util.stream.ReferencePipeline.collect(ReferencePipeline.java:578)\n\tat io.cucumber.core.runtime.Runtime.runFeatures(Runtime.java:112)\n\tat io.cucumber.core.runtime.Runtime.lambda$run$0(Runtime.java:84)\n\tat io.cucumber.core.runtime.Runtime.execute(Runtime.java:96)\n\tat io.cucumber.core.runtime.Runtime.run(Runtime.java:82)\n\tat io.cucumber.core.cli.Main.run(Main.java:87)\n\tat io.cucumber.core.cli.Main.main(Main.java:30)\nCaused by: java.lang.reflect.InvocationTargetException\n\tat java.base/jdk.internal.reflect.NativeConstructorAccessorImpl.newInstance0(Native Method)\n\tat java.base/jdk.internal.reflect.NativeConstructorAccessorImpl.newInstance(NativeConstructorAccessorImpl.java:62)\n\tat java.base/jdk.internal.reflect.DelegatingConstructorAccessorImpl.newInstance(DelegatingConstructorAccessorImpl.java:45)\n\tat java.base/java.lang.reflect.Constructor.newInstance(Constructor.java:490)\n\tat io.cucumber.core.backend.DefaultObjectFactory.cacheNewInstance(DefaultObjectFactory.java:53)\n\t... 37 more\nCaused by: org.openqa.selenium.SessionNotCreatedException: Could not start a new session. Possible causes are invalid address of the remote server or browser start-up failure. \nHost info: host: 'netdata-VirtualBox', ip: '127.0.1.1'\n\tat org.openqa.selenium.remote.RemoteWebDriver.execute(RemoteWebDriver.java:559)\n\tat org.openqa.selenium.remote.RemoteWebDriver.startSession(RemoteWebDriver.java:242)\n\tat org.openqa.selenium.remote.RemoteWebDriver.<init>(RemoteWebDriver.java:157)\n\tat org.openqa.selenium.firefox.FirefoxDriver.<init>(FirefoxDriver.java:111)\n\tat org.openqa.selenium.firefox.FirefoxDriver.<init>(FirefoxDriver.java:99)\n\tat org.openqa.selenium.firefox.FirefoxDriver.<init>(FirefoxDriver.java:95)\n\tat com.cucumber.SeleniumSteps.<init>(SeleniumSteps.java:17)\n\t... 42 more\nCaused by: org.openqa.selenium.WebDriverException: Driver server process died prematurely.\nBuild info: version: '4.5.3', revision: '4b786a1e430'\nSystem info: os.name: 'Linux', os.arch: 'amd64', os.version: '5.15.0-56-generic', java.version: '11.0.17'\nDriver info: driver.version: FirefoxDriver\n\tat org.openqa.selenium.remote.service.DriverService.start(DriverService.java:226)\n\tat org.openqa.selenium.remote.service.DriverCommandExecutor.execute(DriverCommandExecutor.java:98)\n\tat org.openqa.selenium.remote.RemoteWebDriver.execute(RemoteWebDriver.java:541)\n\t... 48 more\n","duration":631619000,"status":"failed"},"line":4,"name":"I am on the Google search page","match":{"location":"com.cucumber.SeleniumSteps.I_visit_google()"},"keyword":"Given "},{"result":{"duration":211000,"status":"skipped"},"line":5,"name":"I search for \"Cheese!\"","match":{"arguments":[{"val":"\"Cheese!\"","offset":13}],"location":"com.cucumber.SeleniumSteps.search_for(java.lang.String)"},"keyword":"When "},{"result":{"duration":200000,"status":"skipped"},"line":6,"name":"the page title should start with \"cheese\"","match":{"arguments":[{"val":"\"cheese\"","offset":33}],"location":"com.cucumber.SeleniumSteps.checkTitle(java.lang.String)"},"keyword":"Then "}]}],"name":"Looking for a cheese","description":"","id":"looking-for-a-cheese","keyword":"Feature","uri":"file:src/test/resources/com/cucumber/selenium_example.feature","tags":[]}]